<?xml version="1.0" encoding="UTF-8"?>
<!-- Generated by org.testng.reporters.JUnitReportReporter -->
<testsuite hostname="DESKTOP-9FJDGC5" name="com.trackx.truelocate.flow.UserEditFlow" tests="2" failures="0" timestamp="16 Nov 2017 11:02:20 GMT" time="77.889" errors="0">
  <testcase name="userEditFlow" time="65.461" classname="com.trackx.truelocate.flow.UserEditFlow"/>
  <testcase name="userclickflow" time="12.428" classname="com.trackx.truelocate.flow.UserEditFlow"/>
</testsuite> <!-- com.trackx.truelocate.flow.UserEditFlow -->
