<?xml version="1.0" encoding="UTF-8"?>
<!-- Generated by org.testng.reporters.JUnitReportReporter -->
<testsuite hostname="DESKTOP-9FJDGC5" name="com.trackx.truelocate.flow.ItemTypeCreateFlow" tests="2" failures="0" timestamp="17 Nov 2017 13:00:46 GMT" time="26.949" errors="0">
  <testcase name="userclickflow" time="15.766" classname="com.trackx.truelocate.flow.ItemTypeCreateFlow"/>
  <testcase name="itemTypeCreateFlow" time="11.183" classname="com.trackx.truelocate.flow.ItemTypeCreateFlow"/>
</testsuite> <!-- com.trackx.truelocate.flow.ItemTypeCreateFlow -->
