<?xml version="1.0" encoding="UTF-8"?>
<!-- Generated by org.testng.reporters.JUnitReportReporter -->
<testsuite hostname="DESKTOP-9FJDGC5" name="com.trackx.truelocate.flow.FacilityCreateFlow" tests="2" failures="0" timestamp="21 Nov 2017 10:56:28 GMT" time="2.849" errors="0">
  <testcase name="facilityCreateFlow" time="1.028" classname="com.trackx.truelocate.flow.FacilityCreateFlow"/>
  <testcase name="userclickflow" time="1.821" classname="com.trackx.truelocate.flow.FacilityCreateFlow"/>
</testsuite> <!-- com.trackx.truelocate.flow.FacilityCreateFlow -->
