<?xml version="1.0" encoding="UTF-8"?>
<!-- Generated by org.testng.reporters.JUnitReportReporter -->
<testsuite hostname="DESKTOP-9FJDGC5" name="com.trackx.truelocate.flow.UserDeleteFlow" tests="2" failures="0" timestamp="16 Nov 2017 16:01:59 GMT" time="91.775" errors="0">
  <testcase name="userclickflow" time="15.797" classname="com.trackx.truelocate.flow.UserDeleteFlow"/>
  <testcase name="userEditFlow" time="75.978" classname="com.trackx.truelocate.flow.UserDeleteFlow"/>
</testsuite> <!-- com.trackx.truelocate.flow.UserDeleteFlow -->
